  Arcanoid2.0.cpp
c:\users\ilya\source\repos\arcanoid2.0\arcanoid2.0\game.h(63): warning C4305: инициализация: усечение из "double" в "const float"
  Blocks.cpp
c:\users\ilya\source\repos\arcanoid2.0\arcanoid2.0\blocks.cpp(41): warning C4305: *=: усечение из "double" в "T"
          with
          [
              T=float
          ]
c:\users\ilya\source\repos\arcanoid2.0\arcanoid2.0\blocks.cpp(42): warning C4305: *=: усечение из "double" в "T"
          with
          [
              T=float
          ]
  Bonus.cpp
c:\users\ilya\source\repos\arcanoid2.0\arcanoid2.0\bonus.cpp(37): warning C4305: *=: усечение из "double" в "T"
          with
          [
              T=float
          ]
c:\users\ilya\source\repos\arcanoid2.0\arcanoid2.0\bonus.cpp(38): warning C4305: *=: усечение из "double" в "T"
          with
          [
              T=float
          ]
  Game.cpp
c:\users\ilya\source\repos\arcanoid2.0\arcanoid2.0\game.h(63): warning C4305: инициализация: усечение из "double" в "const float"
c:\users\ilya\source\repos\arcanoid2.0\arcanoid2.0\game.cpp(9): warning C4305: инициализация: усечение из "double" в "float"
c:\users\ilya\source\repos\arcanoid2.0\arcanoid2.0\game.cpp(34): warning C4244: =: преобразование "double" в "int", возможна потеря данных
c:\users\ilya\source\repos\arcanoid2.0\arcanoid2.0\game.cpp(8): warning C4101: time: неиспользованная локальная переменная
c:\users\ilya\source\repos\arcanoid2.0\arcanoid2.0\game.cpp(128): warning C4244: аргумент: преобразование "double" в "T", возможна потеря данных
          with
          [
              T=float
          ]
c:\users\ilya\source\repos\arcanoid2.0\arcanoid2.0\game.cpp(132): warning C4244: аргумент: преобразование "const double" в "unsigned int", возможна потеря данных
c:\users\ilya\source\repos\arcanoid2.0\arcanoid2.0\game.cpp(165): warning C4244: =: преобразование "int" в "T", возможна потеря данных
          with
          [
              T=float
          ]
  Создание кода...
  Arcanoid2.0.vcxproj -> C:\Users\Ilya\source\repos\Arcanoid2.0\Debug\Arcanoid2.0.exe
